#
# There is insufficient memory for the Java Runtime Environment to continue.
# Native memory allocation (malloc) failed to allocate 32744 bytes for ChunkPool::allocate
# Possible reasons:
#   The system is out of physical RAM or swap space
#   The process is running with CompressedOops enabled, and the Java Heap may be blocking the growth of the native heap
# Possible solutions:
#   Reduce memory load on the system
#   Increase physical memory or swap space
#   Check if swap backing store is full
#   Decrease Java heap size (-Xmx/-Xms)
#   Decrease number of Java threads
#   Decrease Java thread stack sizes (-Xss)
#   Set larger code cache with -XX:ReservedCodeCacheSize=
#   JVM is running with Zero Based Compressed Oops mode in which the Java heap is
#     placed in the first 32GB address space. The Java Heap base address is the
#     maximum limit for the native heap growth. Please use -XX:HeapBaseMinAddress
#     to set the Java Heap base and to place the Java Heap above 32GB virtual address.
# This output file may be truncated or incomplete.
#
#  Out of Memory Error (allocation.cpp:272), pid=12892, tid=0x0000000000005760
#
# JRE version: Java(TM) SE Runtime Environment (8.0_381) (build 1.8.0_381-b09)
# Java VM: Java HotSpot(TM) 64-Bit Server VM (25.381-b09 mixed mode windows-amd64 compressed oops)
# Failed to write core dump. Minidumps are not enabled by default on client versions of Windows
#

---------------  T H R E A D  ---------------

Current thread (0x0000018a5b602800):  JavaThread "C2 CompilerThread2" daemon [_thread_in_native, id=22368, stack(0x00000077ee400000,0x00000077ee500000)]

Stack: [0x00000077ee400000,0x00000077ee500000]
Native frames: (J=compiled Java code, j=interpreted, Vv=VM code, C=native code)
V  [jvm.dll+0x353039]
V  [jvm.dll+0x290052]
V  [jvm.dll+0x290c1d]
V  [jvm.dll+0x285255]
V  [jvm.dll+0xdbe71]
V  [jvm.dll+0xdc1cc]
V  [jvm.dll+0xdbd16]
V  [jvm.dll+0x4fa37f]
V  [jvm.dll+0x44b2a3]
V  [jvm.dll+0x511abb]
V  [jvm.dll+0x46bd27]
V  [jvm.dll+0x468c12]
V  [jvm.dll+0x452a5b]
V  [jvm.dll+0xb0766]
V  [jvm.dll+0xaee3f]
V  [jvm.dll+0x251602]
V  [jvm.dll+0x2accec]
C  [ucrtbase.dll+0x26c0c]
C  [KERNEL32.DLL+0x153e0]
C  [ntdll.dll+0x485b]


Current CompileTask:
C2:  26162 5576       4       java.util.regex.Matcher::search (109 bytes)


---------------  P R O C E S S  ---------------

Java Threads: ( => current thread )
  0x0000018a60f2b800 JavaThread "http-bio-82-exec-3" daemon [_thread_in_native, id=11328, stack(0x00000077efb00000,0x00000077efc00000)]
  0x0000018a60f2a800 JavaThread "http-bio-82-exec-2" daemon [_thread_in_native, id=10100, stack(0x00000077ee900000,0x00000077eea00000)]
  0x0000018a60f2f000 JavaThread "http-bio-82-exec-1" daemon [_thread_blocked, id=7240, stack(0x00000077ee800000,0x00000077ee900000)]
  0x0000018a60f31800 JavaThread "DubboClientReconnectTimer-thread-2" daemon [_thread_blocked, id=12556, stack(0x00000077efa00000,0x00000077efb00000)]
  0x0000018a60f30000 JavaThread "http-bio-82-AsyncTimeout" daemon [_thread_blocked, id=25572, stack(0x00000077ef900000,0x00000077efa00000)]
  0x0000018a60f2d800 JavaThread "http-bio-82-Acceptor-0" daemon [_thread_in_native, id=12876, stack(0x00000077ef800000,0x00000077ef900000)]
  0x0000018a60f2d000 JavaThread "ContainerBackgroundProcessor[StandardEngine[Tomcat]]" daemon [_thread_blocked, id=22328, stack(0x00000077ef700000,0x00000077ef800000)]
  0x0000018a60f2e800 JavaThread "dubbo-remoting-client-heartbeat-thread-1" daemon [_thread_blocked, id=22296, stack(0x00000077ef600000,0x00000077ef700000)]
  0x0000018a60f30800 JavaThread "DubboClientHandler-192.168.56.1:20881-thread-1" daemon [_thread_blocked, id=25500, stack(0x00000077ef500000,0x00000077ef600000)]
  0x0000018a662f0800 JavaThread "New I/O client worker #1-1" daemon [_thread_in_native, id=3668, stack(0x00000077ef400000,0x00000077ef500000)]
  0x0000018a662f7000 JavaThread "NettyClientBoss-thread-1" daemon [_thread_blocked, id=24940, stack(0x00000077ef300000,0x00000077ef400000)]
  0x0000018a662f1000 JavaThread "DubboClientReconnectTimer-thread-1" daemon [_thread_blocked, id=17012, stack(0x00000077ef200000,0x00000077ef300000)]
  0x0000018a662f5000 JavaThread "DubboSaveRegistryCache-thread-1" daemon [_thread_blocked, id=23436, stack(0x00000077eec00000,0x00000077eed00000)]
  0x0000018a662f3800 JavaThread "DubboFutureCallbackDefault-thread-1" daemon [_thread_blocked, id=13760, stack(0x00000077ef100000,0x00000077ef200000)]
  0x0000018a662f6800 JavaThread "DubboZkclientConnector-EventThread" daemon [_thread_blocked, id=24988, stack(0x00000077eef00000,0x00000077ef000000)]
  0x0000018a662f2000 JavaThread "DubboZkclientConnector-SendThread(8.130.77.84:2181)" daemon [_thread_in_native, id=12736, stack(0x00000077eee00000,0x00000077eef00000)]
  0x0000018a662f2800 JavaThread "ZkClient-EventThread-21-8.130.77.84:2181" daemon [_thread_blocked, id=24476, stack(0x00000077eed00000,0x00000077eee00000)]
  0x0000018a662f5800 JavaThread "DubboRegistryFailedRetryTimer-thread-1" daemon [_thread_blocked, id=12664, stack(0x00000077eeb00000,0x00000077eec00000)]
  0x0000018a5c469000 JavaThread "Thread-3" daemon [_thread_in_native, id=2100, stack(0x00000077eea00000,0x00000077eeb00000)]
  0x0000018a5b6a0000 JavaThread "Service Thread" daemon [_thread_blocked, id=3432, stack(0x00000077ee600000,0x00000077ee700000)]
  0x0000018a5b607000 JavaThread "C1 CompilerThread3" daemon [_thread_blocked, id=23076, stack(0x00000077ee500000,0x00000077ee600000)]
=>0x0000018a5b602800 JavaThread "C2 CompilerThread2" daemon [_thread_in_native, id=22368, stack(0x00000077ee400000,0x00000077ee500000)]
  0x0000018a5b5ff800 JavaThread "C2 CompilerThread1" daemon [_thread_blocked, id=23628, stack(0x00000077ee300000,0x00000077ee400000)]
  0x0000018a5b5fe000 JavaThread "C2 CompilerThread0" daemon [_thread_blocked, id=23908, stack(0x00000077ee200000,0x00000077ee300000)]
  0x0000018a5b5fc800 JavaThread "Monitor Ctrl-Break" daemon [_thread_in_native, id=7756, stack(0x00000077ee100000,0x00000077ee200000)]
  0x0000018a59236800 JavaThread "Attach Listener" daemon [_thread_blocked, id=21028, stack(0x00000077ee000000,0x00000077ee100000)]
  0x0000018a59236000 JavaThread "Signal Dispatcher" daemon [_thread_blocked, id=25148, stack(0x00000077edf00000,0x00000077ee000000)]
  0x0000018a59216000 JavaThread "Finalizer" daemon [_thread_blocked, id=18132, stack(0x00000077ede00000,0x00000077edf00000)]
  0x0000018a5920c800 JavaThread "Reference Handler" daemon [_thread_blocked, id=24204, stack(0x00000077edd00000,0x00000077ede00000)]
  0x0000018a3e02d000 JavaThread "main" [_thread_blocked, id=7688, stack(0x00000077ed100000,0x00000077ed200000)]

Other Threads:
  0x0000018a591e3000 VMThread [stack: 0x00000077edc00000,0x00000077edd00000] [id=17576]
  0x0000018a5b729000 WatcherThread [stack: 0x00000077ee700000,0x00000077ee800000] [id=19876]

VM state:not at safepoint (normal execution)

VM Mutex/Monitor currently owned by a thread: None

heap address: 0x00000006c1e00000, size: 4066 MB, Compressed Oops mode: Zero based, Oop shift amount: 3
Narrow klass base: 0x0000000000000000, Narrow klass shift: 3
Compressed class space size: 1073741824 Address: 0x00000007c0000000

Heap:
 PSYoungGen      total 375296K, used 193158K [0x000000076b500000, 0x0000000785080000, 0x00000007c0000000)
  eden space 329728K, 58% used [0x000000076b500000,0x00000007771a1900,0x000000077f700000)
  from space 45568K, 0% used [0x000000077f700000,0x000000077f700000,0x0000000782380000)
  to   space 44032K, 0% used [0x0000000782380000,0x0000000782380000,0x0000000784e80000)
 ParOldGen       total 166400K, used 31089K [0x00000006c1e00000, 0x00000006cc080000, 0x000000076b500000)
  object space 166400K, 18% used [0x00000006c1e00000,0x00000006c3c5c428,0x00000006cc080000)
 Metaspace       used 42525K, capacity 43498K, committed 43688K, reserved 1087488K
  class space    used 5048K, capacity 5278K, committed 5296K, reserved 1048576K

Card table byte_map: [0x0000018a4f400000,0x0000018a4fc00000] byte_map_base: 0x0000018a4bdf1000

Marking Bits: (ParMarkBitMap*) 0x00007ff963a66040
 Begin Bits: [0x0000018a50150000, 0x0000018a540d8000)
 End Bits:   [0x0000018a540d8000, 0x0000018a58060000)

Polling page: 0x0000018a3e330000

CodeCache: size=245760Kb used=14478Kb max_used=15679Kb free=231281Kb
 bounds [0x0000018a40040000, 0x0000018a40fd0000, 0x0000018a4f040000]
 total_blobs=5189 nmethods=4721 adapters=380
 compilation: enabled

Compilation events (10 events):
Event: 25.905 Thread 0x0000018a5b607000 5573       3       java.util.HashMap::put (13 bytes)
Event: 25.905 Thread 0x0000018a5b607000 nmethod 5573 0x0000018a405a5e10 code [0x0000018a405a5fa0, 0x0000018a405a6360]
Event: 25.906 Thread 0x0000018a5b607000 5574       1       org.apache.tomcat.util.http.MimeHeaderField::getName (5 bytes)
Event: 25.906 Thread 0x0000018a5b607000 nmethod 5574 0x0000018a405cc490 code [0x0000018a405cc5e0, 0x0000018a405cc6f8]
Event: 25.907 Thread 0x0000018a5b607000 5575       3       java.util.Calendar::setFieldsComputed (117 bytes)
Event: 25.907 Thread 0x0000018a5b607000 nmethod 5575 0x0000018a405d6890 code [0x0000018a405d6a40, 0x0000018a405d6f18]
Event: 26.102 Thread 0x0000018a5b602800 5576       4       java.util.regex.Matcher::search (109 bytes)
Event: 26.102 Thread 0x0000018a5b607000 5577       3       java.util.HashMap::afterNodeAccess (1 bytes)
Event: 26.102 Thread 0x0000018a5b607000 nmethod 5577 0x0000018a407a85d0 code [0x0000018a407a8720, 0x0000018a407a8878]
Event: 26.105 Thread 0x0000018a5b607000 5578 %     3       java.util.Properties$LineReader::readLine @ 21 (468 bytes)

GC Heap History (10 events):
Event: 5.605 GC heap before
{Heap before GC invocations=11 (full 1):
 PSYoungGen      total 183296K, used 183290K [0x000000076b500000, 0x000000077d380000, 0x00000007c0000000)
  eden space 159232K, 100% used [0x000000076b500000,0x0000000775080000,0x0000000775080000)
  from space 24064K, 99% used [0x0000000775080000,0x00000007767feb48,0x0000000776800000)
  to   space 30720K, 0% used [0x000000077b580000,0x000000077b580000,0x000000077d380000)
 ParOldGen       total 118272K, used 32912K [0x00000006c1e00000, 0x00000006c9180000, 0x000000076b500000)
  object space 118272K, 27% used [0x00000006c1e00000,0x00000006c3e24008,0x00000006c9180000)
 Metaspace       used 24329K, capacity 25076K, committed 25392K, reserved 1071104K
  class space    used 2823K, capacity 3003K, committed 3120K, reserved 1048576K
Event: 5.622 GC heap after
Heap after GC invocations=11 (full 1):
 PSYoungGen      total 256512K, used 30704K [0x000000076b500000, 0x000000077e100000, 0x00000007c0000000)
  eden space 225792K, 0% used [0x000000076b500000,0x000000076b500000,0x0000000779180000)
  from space 30720K, 99% used [0x000000077b580000,0x000000077d37c268,0x000000077d380000)
  to   space 36864K, 0% used [0x0000000779180000,0x0000000779180000,0x000000077b580000)
 ParOldGen       total 118272K, used 38375K [0x00000006c1e00000, 0x00000006c9180000, 0x000000076b500000)
  object space 118272K, 32% used [0x00000006c1e00000,0x00000006c4379ec0,0x00000006c9180000)
 Metaspace       used 24329K, capacity 25076K, committed 25392K, reserved 1071104K
  class space    used 2823K, capacity 3003K, committed 3120K, reserved 1048576K
}
Event: 6.108 GC heap before
{Heap before GC invocations=12 (full 1):
 PSYoungGen      total 256512K, used 256496K [0x000000076b500000, 0x000000077e100000, 0x00000007c0000000)
  eden space 225792K, 100% used [0x000000076b500000,0x0000000779180000,0x0000000779180000)
  from space 30720K, 99% used [0x000000077b580000,0x000000077d37c268,0x000000077d380000)
  to   space 36864K, 0% used [0x0000000779180000,0x0000000779180000,0x000000077b580000)
 ParOldGen       total 118272K, used 38375K [0x00000006c1e00000, 0x00000006c9180000, 0x000000076b500000)
  object space 118272K, 32% used [0x00000006c1e00000,0x00000006c4379ec0,0x00000006c9180000)
 Metaspace       used 24336K, capacity 25078K, committed 25392K, reserved 1071104K
  class space    used 2824K, capacity 3005K, committed 3120K, reserved 1048576K
Event: 6.129 GC heap after
Heap after GC invocations=12 (full 1):
 PSYoungGen      total 262656K, used 36835K [0x000000076b500000, 0x0000000784e80000, 0x00000007c0000000)
  eden space 225792K, 0% used [0x000000076b500000,0x000000076b500000,0x0000000779180000)
  from space 36864K, 99% used [0x0000000779180000,0x000000077b578cf8,0x000000077b580000)
  to   space 44032K, 0% used [0x0000000782380000,0x0000000782380000,0x0000000784e80000)
 ParOldGen       total 118272K, used 44247K [0x00000006c1e00000, 0x00000006c9180000, 0x000000076b500000)
  object space 118272K, 37% used [0x00000006c1e00000,0x00000006c4935f10,0x00000006c9180000)
 Metaspace       used 24336K, capacity 25078K, committed 25392K, reserved 1071104K
  class space    used 2824K, capacity 3005K, committed 3120K, reserved 1048576K
}
Event: 6.618 GC heap before
{Heap before GC invocations=13 (full 1):
 PSYoungGen      total 262656K, used 262627K [0x000000076b500000, 0x0000000784e80000, 0x00000007c0000000)
  eden space 225792K, 100% used [0x000000076b500000,0x0000000779180000,0x0000000779180000)
  from space 36864K, 99% used [0x0000000779180000,0x000000077b578cf8,0x000000077b580000)
  to   space 44032K, 0% used [0x0000000782380000,0x0000000782380000,0x0000000784e80000)
 ParOldGen       total 118272K, used 44247K [0x00000006c1e00000, 0x00000006c9180000, 0x000000076b500000)
  object space 118272K, 37% used [0x00000006c1e00000,0x00000006c4935f10,0x00000006c9180000)
 Metaspace       used 24780K, capacity 25438K, committed 25648K, reserved 1071104K
  class space    used 2884K, capacity 3040K, committed 3120K, reserved 1048576K
Event: 6.636 GC heap after
Heap after GC invocations=13 (full 1):
 PSYoungGen      total 373760K, used 31396K [0x000000076b500000, 0x0000000785080000, 0x00000007c0000000)
  eden space 329728K, 0% used [0x000000076b500000,0x000000076b500000,0x000000077f700000)
  from space 44032K, 71% used [0x0000000782380000,0x0000000784229270,0x0000000784e80000)
  to   space 45568K, 0% used [0x000000077f700000,0x000000077f700000,0x0000000782380000)
 ParOldGen       total 118272K, used 45593K [0x00000006c1e00000, 0x00000006c9180000, 0x000000076b500000)
  object space 118272K, 38% used [0x00000006c1e00000,0x00000006c4a86480,0x00000006c9180000)
 Metaspace       used 24780K, capacity 25438K, committed 25648K, reserved 1071104K
  class space    used 2884K, capacity 3040K, committed 3120K, reserved 1048576K
}
Event: 7.329 GC heap before
{Heap before GC invocations=14 (full 1):
 PSYoungGen      total 373760K, used 125018K [0x000000076b500000, 0x0000000785080000, 0x00000007c0000000)
  eden space 329728K, 28% used [0x000000076b500000,0x000000077106d958,0x000000077f700000)
  from space 44032K, 71% used [0x0000000782380000,0x0000000784229270,0x0000000784e80000)
  to   space 45568K, 0% used [0x000000077f700000,0x000000077f700000,0x0000000782380000)
 ParOldGen       total 118272K, used 45593K [0x00000006c1e00000, 0x00000006c9180000, 0x000000076b500000)
  object space 118272K, 38% used [0x00000006c1e00000,0x00000006c4a86480,0x00000006c9180000)
 Metaspace       used 34435K, capacity 35322K, committed 35496K, reserved 1081344K
  class space    used 4059K, capacity 4260K, committed 4272K, reserved 1048576K
Event: 7.337 GC heap after
Heap after GC invocations=14 (full 1):
 PSYoungGen      total 375296K, used 8117K [0x000000076b500000, 0x0000000785080000, 0x00000007c0000000)
  eden space 329728K, 0% used [0x000000076b500000,0x000000076b500000,0x000000077f700000)
  from space 45568K, 17% used [0x000000077f700000,0x000000077feed5d0,0x0000000782380000)
  to   space 44032K, 0% used [0x0000000782380000,0x0000000782380000,0x0000000784e80000)
 ParOldGen       total 118272K, used 51691K [0x00000006c1e00000, 0x00000006c9180000, 0x000000076b500000)
  object space 118272K, 43% used [0x00000006c1e00000,0x00000006c507adb8,0x00000006c9180000)
 Metaspace       used 34435K, capacity 35322K, committed 35496K, reserved 1081344K
  class space    used 4059K, capacity 4260K, committed 4272K, reserved 1048576K
}
Event: 7.337 GC heap before
{Heap before GC invocations=15 (full 2):
 PSYoungGen      total 375296K, used 8117K [0x000000076b500000, 0x0000000785080000, 0x00000007c0000000)
  eden space 329728K, 0% used [0x000000076b500000,0x000000076b500000,0x000000077f700000)
  from space 45568K, 17% used [0x000000077f700000,0x000000077feed5d0,0x0000000782380000)
  to   space 44032K, 0% used [0x0000000782380000,0x0000000782380000,0x0000000784e80000)
 ParOldGen       total 118272K, used 51691K [0x00000006c1e00000, 0x00000006c9180000, 0x000000076b500000)
  object space 118272K, 43% used [0x00000006c1e00000,0x00000006c507adb8,0x00000006c9180000)
 Metaspace       used 34435K, capacity 35322K, committed 35496K, reserved 1081344K
  class space    used 4059K, capacity 4260K, committed 4272K, reserved 1048576K
Event: 7.371 GC heap after
Heap after GC invocations=15 (full 2):
 PSYoungGen      total 375296K, used 0K [0x000000076b500000, 0x0000000785080000, 0x00000007c0000000)
  eden space 329728K, 0% used [0x000000076b500000,0x000000076b500000,0x000000077f700000)
  from space 45568K, 0% used [0x000000077f700000,0x000000077f700000,0x0000000782380000)
  to   space 44032K, 0% used [0x0000000782380000,0x0000000782380000,0x0000000784e80000)
 ParOldGen       total 166400K, used 31089K [0x00000006c1e00000, 0x00000006cc080000, 0x000000076b500000)
  object space 166400K, 18% used [0x00000006c1e00000,0x00000006c3c5c428,0x00000006cc080000)
 Metaspace       used 34435K, capacity 35322K, committed 35496K, reserved 1081344K
  class space    used 4059K, capacity 4260K, committed 4272K, reserved 1048576K
}

Deoptimization events (10 events):
Event: 7.300 Thread 0x0000018a5d97b800 Uncommon trap: reason=unstable_if action=reinterpret pc=0x0000018a40a397f4 method=java.util.concurrent.ConcurrentHashMap.get(Ljava/lang/Object;)Ljava/lang/Object; @ 76
Event: 7.305 Thread 0x0000018a5d97b800 Uncommon trap: reason=unstable_if action=reinterpret pc=0x0000018a4085712c method=java.util.HashMap.putMapEntries(Ljava/util/Map;Z)V @ 53
Event: 7.583 Thread 0x0000018a5d97b800 Uncommon trap: reason=bimorphic action=maybe_recompile pc=0x0000018a405d6c80 method=java.util.regex.Pattern$5.isSatisfiedBy(I)Z @ 5
Event: 7.583 Thread 0x0000018a5d97b800 Uncommon trap: reason=bimorphic action=maybe_recompile pc=0x0000018a405d6c80 method=java.util.regex.Pattern$5.isSatisfiedBy(I)Z @ 5
Event: 7.583 Thread 0x0000018a5d97b800 Uncommon trap: reason=bimorphic action=maybe_recompile pc=0x0000018a405d6c80 method=java.util.regex.Pattern$5.isSatisfiedBy(I)Z @ 5
Event: 7.583 Thread 0x0000018a5d97b800 Uncommon trap: reason=bimorphic action=maybe_recompile pc=0x0000018a405d6c80 method=java.util.regex.Pattern$5.isSatisfiedBy(I)Z @ 5
Event: 7.608 Thread 0x0000018a5d97b800 Uncommon trap: reason=class_check action=maybe_recompile pc=0x0000018a40c2531c method=java.lang.reflect.Field.getAnnotation(Ljava/lang/Class;)Ljava/lang/annotation/Annotation; @ 19
Event: 7.739 Thread 0x0000018a5d97b800 Uncommon trap: reason=unstable_if action=reinterpret pc=0x0000018a4089ca8c method=java.util.regex.Pattern$Curly.match0(Ljava/util/regex/Matcher;IILjava/lang/CharSequence;)Z @ 66
Event: 7.739 Thread 0x0000018a5d97b800 Uncommon trap: reason=unstable_if action=reinterpret pc=0x0000018a406c9b1c method=java.util.regex.Pattern$Curly.match0(Ljava/util/regex/Matcher;IILjava/lang/CharSequence;)Z @ 66
Event: 10.080 Thread 0x0000018a662f7000 Uncommon trap: reason=class_check action=maybe_recompile pc=0x0000018a40f326a0 method=java.util.HashMap.removeNode(ILjava/lang/Object;Ljava/lang/Object;ZZ)Ljava/util/HashMap$Node; @ 68

Classes redefined (0 events):
No events

Internal exceptions (10 events):
Event: 10.174 Thread 0x0000018a5d97b800 Exception <a 'java/lang/ClassNotFoundException': org/springframework/web/servlet/view/UrlBasedViewResolverCustomizer> (0x00000007742c3920) thrown at [C:\jenkins\workspace\8-2-build-windows-x64-cygwin-sans-NAS\jdk8u381\237\hotspot\src\share\vm\classfile\sy
Event: 10.174 Thread 0x0000018a5d97b800 Exception <a 'java/lang/ClassNotFoundException': org/springframework/web/servlet/view/InternalResourceViewResolverCustomizer> (0x000000077430bb08) thrown at [C:\jenkins\workspace\8-2-build-windows-x64-cygwin-sans-NAS\jdk8u381\237\hotspot\src\share\vm\clas
Event: 10.175 Thread 0x0000018a5d97b800 Exception <a 'java/lang/ClassNotFoundException': org/springframework/web/servlet/ViewResolverBeanInfo> (0x000000077434d168) thrown at [C:\jenkins\workspace\8-2-build-windows-x64-cygwin-sans-NAS\jdk8u381\237\hotspot\src\share\vm\classfile\systemDictionary.
Event: 10.175 Thread 0x0000018a5d97b800 Exception <a 'java/lang/ClassNotFoundException': org/springframework/web/servlet/ViewResolverCustomizer> (0x0000000774372d58) thrown at [C:\jenkins\workspace\8-2-build-windows-x64-cygwin-sans-NAS\jdk8u381\237\hotspot\src\share\vm\classfile\systemDictionar
Event: 10.178 Thread 0x0000018a5d97b800 Exception <a 'java/lang/ClassNotFoundException': org/springframework/web/servlet/support/SessionFlashMapManagerBeanInfo> (0x00000007743ea020) thrown at [C:\jenkins\workspace\8-2-build-windows-x64-cygwin-sans-NAS\jdk8u381\237\hotspot\src\share\vm\classfile
Event: 10.178 Thread 0x0000018a5d97b800 Exception <a 'java/lang/ClassNotFoundException': org/springframework/web/servlet/support/AbstractFlashMapManagerBeanInfo> (0x0000000774417c78) thrown at [C:\jenkins\workspace\8-2-build-windows-x64-cygwin-sans-NAS\jdk8u381\237\hotspot\src\share\vm\classfil
Event: 10.179 Thread 0x0000018a5d97b800 Exception <a 'java/lang/ClassNotFoundException': org/springframework/web/servlet/support/AbstractFlashMapManagerCustomizer> (0x0000000774445db8) thrown at [C:\jenkins\workspace\8-2-build-windows-x64-cygwin-sans-NAS\jdk8u381\237\hotspot\src\share\vm\classf
Event: 10.179 Thread 0x0000018a5d97b800 Exception <a 'java/lang/ClassNotFoundException': org/springframework/web/servlet/support/SessionFlashMapManagerCustomizer> (0x000000077447b178) thrown at [C:\jenkins\workspace\8-2-build-windows-x64-cygwin-sans-NAS\jdk8u381\237\hotspot\src\share\vm\classfi
Event: 10.180 Thread 0x0000018a5d97b800 Exception <a 'java/lang/ClassNotFoundException': org/springframework/web/servlet/FlashMapManagerBeanInfo> (0x00000007744a53f8) thrown at [C:\jenkins\workspace\8-2-build-windows-x64-cygwin-sans-NAS\jdk8u381\237\hotspot\src\share\vm\classfile\systemDictiona
Event: 10.180 Thread 0x0000018a5d97b800 Exception <a 'java/lang/ClassNotFoundException': org/springframework/web/servlet/FlashMapManagerCustomizer> (0x00000007744cc510) thrown at [C:\jenkins\workspace\8-2-build-windows-x64-cygwin-sans-NAS\jdk8u381\237\hotspot\src\share\vm\classfile\systemDictio

Events (10 events):
Event: 26.106 loading class org/apache/tomcat/util/http/res/LocalStrings_zh_Hans
Event: 26.106 loading class org/apache/tomcat/util/http/res/LocalStrings_zh_Hans done
Event: 26.106 loading class org/apache/tomcat/util/http/res/LocalStrings_zh_Hans
Event: 26.106 loading class org/apache/tomcat/util/http/res/LocalStrings_zh_Hans done
Event: 26.106 loading class org/apache/tomcat/util/http/res/LocalStrings_zh_Hans_CN
Event: 26.106 loading class org/apache/tomcat/util/http/res/LocalStrings_zh_Hans_CN done
Event: 26.106 loading class org/apache/tomcat/util/http/res/LocalStrings_zh_Hans_CN
Event: 26.106 loading class org/apache/tomcat/util/http/res/LocalStrings_zh_Hans_CN done
Event: 26.106 loading class org/apache/tomcat/util/http/res/LocalStrings_zh_Hans_CN
Event: 26.106 loading class org/apache/tomcat/util/http/res/LocalStrings_zh_Hans_CN done


Dynamic libraries:
0x00007ff728c70000 - 0x00007ff728cba000 	D:\jdk8_new\bin\java.exe
0x00007ff9853e0000 - 0x00007ff9855e9000 	C:\WINDOWS\SYSTEM32\ntdll.dll
0x00007ff984030000 - 0x00007ff9840ed000 	C:\WINDOWS\System32\KERNEL32.DLL
0x00007ff982a40000 - 0x00007ff982dc4000 	C:\WINDOWS\System32\KERNELBASE.dll
0x00007ff984f80000 - 0x00007ff98502e000 	C:\WINDOWS\System32\ADVAPI32.dll
0x00007ff983f20000 - 0x00007ff983fc3000 	C:\WINDOWS\System32\msvcrt.dll
0x00007ff9844e0000 - 0x00007ff98457e000 	C:\WINDOWS\System32\sechost.dll
0x00007ff985030000 - 0x00007ff985151000 	C:\WINDOWS\System32\RPCRT4.dll
0x00007ff984300000 - 0x00007ff9844ad000 	C:\WINDOWS\System32\USER32.dll
0x00007ff982a10000 - 0x00007ff982a36000 	C:\WINDOWS\System32\win32u.dll
0x00007ff983ef0000 - 0x00007ff983f1a000 	C:\WINDOWS\System32\GDI32.dll
0x00007ff982dd0000 - 0x00007ff982eee000 	C:\WINDOWS\System32\gdi32full.dll
0x00007ff983060000 - 0x00007ff9830fd000 	C:\WINDOWS\System32\msvcp_win.dll
0x00007ff982870000 - 0x00007ff982981000 	C:\WINDOWS\System32\ucrtbase.dll
0x00007ff96d380000 - 0x00007ff96d625000 	C:\WINDOWS\WinSxS\amd64_microsoft.windows.common-controls_6595b64144ccf1df_6.0.22000.120_none_9d947278b86cc467\COMCTL32.dll
0x00007ff9832c0000 - 0x00007ff9832f1000 	C:\WINDOWS\System32\IMM32.DLL
0x000000005cbd0000 - 0x000000005cbdd000 	C:\Program Files (x86)\360\360Safe\safemon\SafeWrapper.dll
0x00007ff973840000 - 0x00007ff9738ec000 	C:\Program Files (x86)\360\360Safe\safemon\libzdtp64.dll
0x00007ff983670000 - 0x00007ff983e35000 	C:\WINDOWS\System32\SHELL32.dll
0x00007ff984f10000 - 0x00007ff984f6d000 	C:\WINDOWS\System32\SHLWAPI.dll
0x00007ff982210000 - 0x00007ff98221a000 	C:\WINDOWS\SYSTEM32\VERSION.dll
0x00007ff973100000 - 0x00007ff97311b000 	D:\jdk8_new\jre\bin\vcruntime140.dll
0x00007ff9730f0000 - 0x00007ff9730fc000 	D:\jdk8_new\jre\bin\vcruntime140_1.dll
0x00007ff963cd0000 - 0x00007ff963d5e000 	D:\jdk8_new\jre\bin\msvcp140.dll
0x00007ff963230000 - 0x00007ff963ae0000 	D:\jdk8_new\jre\bin\server\jvm.dll
0x00007ff9844d0000 - 0x00007ff9844d8000 	C:\WINDOWS\System32\PSAPI.DLL
0x00007ff9704f0000 - 0x00007ff9704f9000 	C:\WINDOWS\SYSTEM32\WSOCK32.dll
0x00007ff97d690000 - 0x00007ff97d6c3000 	C:\WINDOWS\SYSTEM32\WINMM.dll
0x00007ff9834a0000 - 0x00007ff98350f000 	C:\WINDOWS\System32\WS2_32.dll
0x00007ff981810000 - 0x00007ff981828000 	C:\WINDOWS\SYSTEM32\kernel.appcore.dll
0x00007ff961b70000 - 0x00007ff961b80000 	D:\jdk8_new\jre\bin\verify.dll
0x00007ff961ae0000 - 0x00007ff961b0b000 	D:\jdk8_new\jre\bin\java.dll
0x00007ff9662a0000 - 0x00007ff9662d4000 	D:\jdk8_new\jre\bin\instrument.dll
0x00007ff960d60000 - 0x00007ff960d78000 	D:\jdk8_new\jre\bin\zip.dll
0x00007ff980870000 - 0x00007ff9810d2000 	C:\WINDOWS\SYSTEM32\windows.storage.dll
0x00007ff984b90000 - 0x00007ff984f06000 	C:\WINDOWS\System32\combase.dll
0x00007ff980700000 - 0x00007ff980867000 	C:\WINDOWS\SYSTEM32\wintypes.dll
0x00007ff984620000 - 0x00007ff98470a000 	C:\WINDOWS\System32\SHCORE.dll
0x00007ff9827a0000 - 0x00007ff9827c5000 	C:\WINDOWS\SYSTEM32\profapi.dll
0x00007ff9728c0000 - 0x00007ff9728da000 	E:\IDEA2023\IntelliJ IDEA 2023.1.2\bin\breakgen64.dll
0x00007ff9727b0000 - 0x00007ff9727cc000 	D:\jdk8_new\jre\bin\net.dll
0x00007ff981cc0000 - 0x00007ff981d27000 	C:\WINDOWS\system32\mswsock.dll
0x00007ff981f20000 - 0x00007ff981f38000 	C:\WINDOWS\SYSTEM32\CRYPTSP.dll
0x00007ff981770000 - 0x00007ff9817a5000 	C:\WINDOWS\system32\rsaenh.dll
0x00007ff981da0000 - 0x00007ff981dcc000 	C:\WINDOWS\SYSTEM32\USERENV.dll
0x00007ff9821d0000 - 0x00007ff9821f7000 	C:\WINDOWS\SYSTEM32\bcrypt.dll
0x00007ff982990000 - 0x00007ff982a0f000 	C:\WINDOWS\System32\bcryptprimitives.dll
0x00007ff982190000 - 0x00007ff98219c000 	C:\WINDOWS\SYSTEM32\CRYPTBASE.dll
0x00007ff981330000 - 0x00007ff98135d000 	C:\WINDOWS\SYSTEM32\IPHLPAPI.DLL
0x00007ff984f70000 - 0x00007ff984f79000 	C:\WINDOWS\System32\NSI.dll
0x00007ff97c780000 - 0x00007ff97c799000 	C:\WINDOWS\SYSTEM32\dhcpcsvc6.DLL
0x00007ff97d5a0000 - 0x00007ff97d5be000 	C:\WINDOWS\SYSTEM32\dhcpcsvc.DLL
0x00007ff9813a0000 - 0x00007ff981487000 	C:\WINDOWS\SYSTEM32\DNSAPI.dll
0x00007ff969370000 - 0x00007ff969383000 	D:\jdk8_new\jre\bin\nio.dll
0x00007ff97b610000 - 0x00007ff97b61a000 	C:\Users\14650\AppData\Local\Temp\jansi-1.17.1-2029282066820699492.dll
0x00007ff958ed0000 - 0x00007ff958edd000 	D:\jdk8_new\jre\bin\management.dll
0x00007ff969870000 - 0x00007ff9698bb000 	C:\Program Files (x86)\Sangfor\SSL\ClientComponent\SangforNspX64.dll
0x00007ff983300000 - 0x00007ff98349a000 	C:\WINDOWS\System32\ole32.dll
0x00007ff983590000 - 0x00007ff983666000 	C:\WINDOWS\System32\OLEAUT32.dll
0x00007ff973180000 - 0x00007ff973197000 	C:\WINDOWS\system32\napinsp.dll
0x00007ff973160000 - 0x00007ff97317b000 	C:\WINDOWS\system32\pnrpnsp.dll
0x00007ff973140000 - 0x00007ff973152000 	C:\WINDOWS\System32\winrnr.dll
0x00007ff97bc80000 - 0x00007ff97bc95000 	C:\WINDOWS\system32\wshbth.dll
0x00007ff973120000 - 0x00007ff97313f000 	C:\WINDOWS\system32\nlansp_c.dll
0x000000005cb60000 - 0x000000005cb86000 	C:\Program Files\Bonjour\mdnsNSP.dll
0x00007ff97a240000 - 0x00007ff97a24a000 	C:\Windows\System32\rasadhlp.dll
0x00007ff97b680000 - 0x00007ff97b701000 	C:\WINDOWS\System32\fwpuclnt.dll
0x00007ff97ffc0000 - 0x00007ff9801e1000 	C:\WINDOWS\SYSTEM32\dbghelp.dll

VM Arguments:
jvm_args: -Dmaven.multiModuleProjectDirectory=E:\javaEE\health_ssm\health_parent\health_backend -Djansi.passthrough=true -Dmaven.home=E:\apache-maven-3.6.1 -Dclassworlds.conf=E:\apache-maven-3.6.1\bin\m2.conf -Dmaven.ext.class.path=E:\IDEA2023\IntelliJ IDEA 2023.1.2\plugins\maven\lib\maven-event-listener.jar -javaagent:E:\IDEA2023\IntelliJ IDEA 2023.1.2\lib\idea_rt.jar=12880:E:\IDEA2023\IntelliJ IDEA 2023.1.2\bin -Dfile.encoding=UTF-8 
java_command: org.codehaus.classworlds.Launcher -Didea.version=2023.1.2 org.apache.tomcat.maven:tomcat7-maven-plugin:2.2:run
java_class_path (initial): E:\apache-maven-3.6.1\boot\plexus-classworlds-2.6.0.jar;E:\IDEA2023\IntelliJ IDEA 2023.1.2\lib\idea_rt.jar
Launcher Type: SUN_STANDARD

Environment Variables:
JAVA_HOME=E:\Code\java_code\Java_jdk\jdk1.8.0_202
CLASSPATH=.;E:\Code\java_code\Java_jdk\jdk1.8.0_202\lib;E:\Code\java_code\Java_jdk\jdk1.8.0_202\lib\tools.jar
PATH=C:\Program Files (x86)\VMware\VMware Workstation\bin\;C:\WINDOWS\system32;C:\WINDOWS;C:\WINDOWS\System32\Wbem;C:\WINDOWS\System32\WindowsPowerShell\v1.0\;C:\WINDOWS\System32\OpenSSH\;C:\Program Files\dotnet\;%JAVA_HOME1.8%\bin;E:\nodejs\;E:\xftp7\;E:\APP\Git\cmd;E:\APP\Graphviz\bin;C:\Program Files\Docker\Docker\resources\bin;E:\新建文件夹 (6)\微信web开发者工具\dll;C:\Users\14650\AppData\Local\Programs\Python\Python310\Scripts\;C:\Users\14650\AppData\Local\Programs\Python\Python310\;";C:\Users\14650\.dotnet\tools;";E:\Code\java_code\Java_jdk\jdk1.8.0_202\bin;E:\Code\java_code\Java_jdk\jdk1.8.0_202\jre\bin;E:\Mysql\Mysql_install\bin;E:\apache-maven-3.6.1\bin;C:\Users\14650\AppData\Roaming\npm;E:\Microsoft VS Code Insiders\bin
USERNAME=complicated
OS=Windows_NT
PROCESSOR_IDENTIFIER=Intel64 Family 6 Model 158 Stepping 10, GenuineIntel



---------------  S Y S T E M  ---------------

OS: Windows 11 , 64 bit Build 22000 (10.0.22000.2538)

CPU:total 12 (initial active 12) (6 cores per cpu, 2 threads per core) family 6 model 158 stepping 10, cmov, cx8, fxsr, mmx, sse, sse2, sse3, ssse3, sse4.1, sse4.2, popcnt, avx, avx2, aes, clmul, erms, 3dnowpref, lzcnt, ht, tsc, tscinvbit, bmi1, bmi2, adx

Memory: 4k page, physical 16647476k(5519128k free), swap 18715624k(36988k free)

vm_info: Java HotSpot(TM) 64-Bit Server VM (25.381-b09) for windows-amd64 JRE (1.8.0_381-b09), built on Jun 14 2023 13:50:38 by "java_re" with MS VC++ 17.1 (VS2022)

time: Thu Nov 23 22:29:17 2023
timezone: Intel64 Family 6 Model 158 Stepping 10, GenuineIntel
elapsed time: 26.169108 seconds (0d 0h 0m 26s)

