#
# There is insufficient memory for the Java Runtime Environment to continue.
# Native memory allocation (malloc) failed to allocate 32744 bytes for ChunkPool::allocate
# Possible reasons:
#   The system is out of physical RAM or swap space
#   The process is running with CompressedOops enabled, and the Java Heap may be blocking the growth of the native heap
# Possible solutions:
#   Reduce memory load on the system
#   Increase physical memory or swap space
#   Check if swap backing store is full
#   Decrease Java heap size (-Xmx/-Xms)
#   Decrease number of Java threads
#   Decrease Java thread stack sizes (-Xss)
#   Set larger code cache with -XX:ReservedCodeCacheSize=
#   JVM is running with Zero Based Compressed Oops mode in which the Java heap is
#     placed in the first 32GB address space. The Java Heap base address is the
#     maximum limit for the native heap growth. Please use -XX:HeapBaseMinAddress
#     to set the Java Heap base and to place the Java Heap above 32GB virtual address.
# This output file may be truncated or incomplete.
#
#  Out of Memory Error (allocation.cpp:272), pid=6716, tid=0x0000000000001be0
#
# JRE version: Java(TM) SE Runtime Environment (8.0_381) (build 1.8.0_381-b09)
# Java VM: Java HotSpot(TM) 64-Bit Server VM (25.381-b09 mixed mode windows-amd64 compressed oops)
# Failed to write core dump. Minidumps are not enabled by default on client versions of Windows
#

---------------  T H R E A D  ---------------

Current thread (0x000001d0258fb000):  JavaThread "C1 CompilerThread3" daemon [_thread_in_native, id=7136, stack(0x000000254b100000,0x000000254b200000)]

Stack: [0x000000254b100000,0x000000254b200000]
Native frames: (J=compiled Java code, j=interpreted, Vv=VM code, C=native code)
V  [jvm.dll+0x353039]
V  [jvm.dll+0x290052]
V  [jvm.dll+0x290c1d]
V  [jvm.dll+0x285255]
V  [jvm.dll+0xdbe71]
V  [jvm.dll+0xdc1cc]
V  [jvm.dll+0x41fd03]
V  [jvm.dll+0x41fdc7]
V  [jvm.dll+0x422599]
V  [jvm.dll+0x424a79]
V  [jvm.dll+0x407c81]
V  [jvm.dll+0x40755d]
V  [jvm.dll+0x407737]
V  [jvm.dll+0x406e81]
V  [jvm.dll+0x40881f]
V  [jvm.dll+0xb0766]
V  [jvm.dll+0xaee3f]
V  [jvm.dll+0x251602]
V  [jvm.dll+0x2accec]
C  [ucrtbase.dll+0x26c0c]
C  [KERNEL32.DLL+0x153e0]
C  [ntdll.dll+0x485b]


Current CompileTask:
C1:    259  107       3       sun.nio.cs.UTF_8$Decoder::decode (779 bytes)


---------------  P R O C E S S  ---------------

Java Threads: ( => current thread )
  0x000001d0259a2800 JavaThread "Service Thread" daemon [_thread_blocked, id=6752, stack(0x000000254b200000,0x000000254b300000)]
=>0x000001d0258fb000 JavaThread "C1 CompilerThread3" daemon [_thread_in_native, id=7136, stack(0x000000254b100000,0x000000254b200000)]
  0x000001d0258f6000 JavaThread "C2 CompilerThread2" daemon [_thread_in_native, id=4224, stack(0x000000254b000000,0x000000254b100000)]
  0x000001d0258f2800 JavaThread "C2 CompilerThread1" daemon [_thread_in_native, id=9120, stack(0x000000254af00000,0x000000254b000000)]
  0x000001d0258ef000 JavaThread "C2 CompilerThread0" daemon [_thread_blocked, id=10572, stack(0x000000254ae00000,0x000000254af00000)]
  0x000001d0258ed000 JavaThread "Monitor Ctrl-Break" daemon [_thread_in_native, id=11436, stack(0x000000254ad00000,0x000000254ae00000)]
  0x000001d0258ca800 JavaThread "Attach Listener" daemon [_thread_blocked, id=17860, stack(0x000000254ac00000,0x000000254ad00000)]
  0x000001d023616000 JavaThread "Signal Dispatcher" daemon [_thread_blocked, id=13384, stack(0x000000254ab00000,0x000000254ac00000)]
  0x000001d00831e000 JavaThread "Finalizer" daemon [_thread_blocked, id=9024, stack(0x000000254aa00000,0x000000254ab00000)]
  0x000001d0235fa000 JavaThread "Reference Handler" daemon [_thread_blocked, id=14708, stack(0x000000254a900000,0x000000254aa00000)]
  0x000001d00826a000 JavaThread "main" [_thread_in_vm, id=3232, stack(0x0000002549d00000,0x0000002549e00000)]

Other Threads:
  0x000001d0235d3800 VMThread [stack: 0x000000254a800000,0x000000254a900000] [id=16796]
  0x000001d0259d7800 WatcherThread [stack: 0x000000254b300000,0x000000254b400000] [id=7228]

VM state:not at safepoint (normal execution)

VM Mutex/Monitor currently owned by a thread: None

heap address: 0x00000006c1e00000, size: 4066 MB, Compressed Oops mode: Zero based, Oop shift amount: 3
Narrow klass base: 0x0000000000000000, Narrow klass shift: 3
Compressed class space size: 1073741824 Address: 0x00000007c0000000

Heap:
 PSYoungGen      total 76288K, used 7877K [0x000000076b500000, 0x0000000770a00000, 0x00000007c0000000)
  eden space 65536K, 12% used [0x000000076b500000,0x000000076bcb1410,0x000000076f500000)
  from space 10752K, 0% used [0x000000076ff80000,0x000000076ff80000,0x0000000770a00000)
  to   space 10752K, 0% used [0x000000076f500000,0x000000076f500000,0x000000076ff80000)
 ParOldGen       total 175104K, used 0K [0x00000006c1e00000, 0x00000006cc900000, 0x000000076b500000)
  object space 175104K, 0% used [0x00000006c1e00000,0x00000006c1e00000,0x00000006cc900000)
 Metaspace       used 4034K, capacity 4940K, committed 5120K, reserved 1056768K
  class space    used 443K, capacity 504K, committed 512K, reserved 1048576K

Card table byte_map: [0x000001d0195f0000,0x000001d019df0000] byte_map_base: 0x000001d015fe1000

Marking Bits: (ParMarkBitMap*) 0x00007ffe5ccc6040
 Begin Bits: [0x000001d01a340000, 0x000001d01e2c8000)
 End Bits:   [0x000001d01e2c8000, 0x000001d022250000)

Polling page: 0x000001d008560000

CodeCache: size=245760Kb used=1283Kb max_used=1294Kb free=244476Kb
 bounds [0x000001d00a230000, 0x000001d00a4a0000, 0x000001d019230000]
 total_blobs=385 nmethods=115 adapters=183
 compilation: enabled

Compilation events (10 events):
Event: 0.156 Thread 0x000001d0258f6000  112       4       java.lang.CharacterData::of (120 bytes)
Event: 0.161 Thread 0x000001d0258ef000 nmethod 110 0x000001d00a371350 code [0x000001d00a3714a0, 0x000001d00a371798]
Event: 0.161 Thread 0x000001d0258ef000  113       4       java.io.WinNTFileSystem::isSlash (18 bytes)
Event: 0.161 Thread 0x000001d0258ef000 nmethod 113 0x000001d00a36e450 code [0x000001d00a36e580, 0x000001d00a36e5f8]
Event: 0.162 Thread 0x000001d0258ef000  117  s    4       java.lang.StringBuffer::append (13 bytes)
Event: 0.167 Thread 0x000001d0258ef000 nmethod 117 0x000001d00a36f490 code [0x000001d00a36f5e0, 0x000001d00a36fba8]
Event: 0.167 Thread 0x000001d0258ef000  119       4       java.lang.Math::max (11 bytes)
Event: 0.167 Thread 0x000001d0258ef000 nmethod 119 0x000001d00a371e10 code [0x000001d00a371f40, 0x000001d00a371f98]
Event: 0.171 Thread 0x000001d0258ef000  122       4       java.lang.String::hashCode (55 bytes)
Event: 0.172 Thread 0x000001d0258ef000 nmethod 122 0x000001d00a371a90 code [0x000001d00a371bc0, 0x000001d00a371d38]

GC Heap History (0 events):
No events

Deoptimization events (0 events):
No events

Classes redefined (0 events):
No events

Internal exceptions (2 events):
Event: 0.036 Thread 0x000001d00826a000 Exception <a 'java/lang/NoSuchMethodError': Method sun.misc.Unsafe.defineClass(Ljava/lang/String;[BII)Ljava/lang/Class; name or signature does not match> (0x000000076b507ce0) thrown at [C:\jenkins\workspace\8-2-build-windows-x64-cygwin-sans-NAS\jdk8u381\2
Event: 0.036 Thread 0x000001d00826a000 Exception <a 'java/lang/NoSuchMethodError': Method sun.misc.Unsafe.prefetchRead(Ljava/lang/Object;J)V name or signature does not match> (0x000000076b507fc8) thrown at [C:\jenkins\workspace\8-2-build-windows-x64-cygwin-sans-NAS\jdk8u381\237\hotspot\src\sha

Events (10 events):
Event: 0.179 loading class org/fusesource/jansi/WindowsAnsiOutputStream
Event: 0.179 loading class org/fusesource/jansi/WindowsAnsiOutputStream done
Event: 0.179 loading class org/fusesource/jansi/AnsiConsole$1
Event: 0.179 loading class org/fusesource/jansi/AnsiConsole$1 done
Event: 0.179 loading class org/fusesource/jansi/AnsiPrintStream
Event: 0.179 loading class org/fusesource/jansi/AnsiPrintStream done
Event: 0.180 loading class org/fusesource/jansi/FilterPrintStream
Event: 0.180 loading class org/fusesource/jansi/FilterPrintStream done
Event: 0.180 loading class org/fusesource/jansi/WindowsAnsiPrintStream
Event: 0.180 loading class org/fusesource/jansi/WindowsAnsiPrintStream done


Dynamic libraries:
0x00007ff7e3a80000 - 0x00007ff7e3aca000 	D:\jdk8_new\bin\java.exe
0x00007ffe7faa0000 - 0x00007ffe7fca9000 	C:\WINDOWS\SYSTEM32\ntdll.dll
0x00007ffe7f170000 - 0x00007ffe7f22d000 	C:\WINDOWS\System32\KERNEL32.DLL
0x00007ffe7d1f0000 - 0x00007ffe7d574000 	C:\WINDOWS\System32\KERNELBASE.dll
0x00007ffe7f8d0000 - 0x00007ffe7f97e000 	C:\WINDOWS\System32\ADVAPI32.dll
0x00007ffe7df20000 - 0x00007ffe7dfc3000 	C:\WINDOWS\System32\msvcrt.dll
0x00007ffe7efd0000 - 0x00007ffe7f06e000 	C:\WINDOWS\System32\sechost.dll
0x00007ffe7e0e0000 - 0x00007ffe7e201000 	C:\WINDOWS\System32\RPCRT4.dll
0x00007ffe7ebd0000 - 0x00007ffe7ed7d000 	C:\WINDOWS\System32\USER32.dll
0x00007ffe7d1c0000 - 0x00007ffe7d1e6000 	C:\WINDOWS\System32\win32u.dll
0x00007ffe7e0b0000 - 0x00007ffe7e0da000 	C:\WINDOWS\System32\GDI32.dll
0x00007ffe7d7d0000 - 0x00007ffe7d8ee000 	C:\WINDOWS\System32\gdi32full.dll
0x00007ffe7d730000 - 0x00007ffe7d7cd000 	C:\WINDOWS\System32\msvcp_win.dll
0x00007ffe7cf30000 - 0x00007ffe7d041000 	C:\WINDOWS\System32\ucrtbase.dll
0x00007ffe63800000 - 0x00007ffe63aa5000 	C:\WINDOWS\WinSxS\amd64_microsoft.windows.common-controls_6595b64144ccf1df_6.0.22000.120_none_9d947278b86cc467\COMCTL32.dll
0x00007ffe7f890000 - 0x00007ffe7f8c1000 	C:\WINDOWS\System32\IMM32.DLL
0x0000000055830000 - 0x000000005583d000 	C:\Program Files (x86)\360\360Safe\safemon\SafeWrapper.dll
0x00007ffe686d0000 - 0x00007ffe6877c000 	C:\Program Files (x86)\360\360Safe\safemon\libzdtp64.dll
0x00007ffe7e2f0000 - 0x00007ffe7eab5000 	C:\WINDOWS\System32\SHELL32.dll
0x00007ffe7f070000 - 0x00007ffe7f0cd000 	C:\WINDOWS\System32\SHLWAPI.dll
0x00007ffe7c8d0000 - 0x00007ffe7c8da000 	C:\WINDOWS\SYSTEM32\VERSION.dll
0x00007ffe643a0000 - 0x00007ffe643bb000 	D:\jdk8_new\jre\bin\vcruntime140.dll
0x00007ffe70cd0000 - 0x00007ffe70cdc000 	D:\jdk8_new\jre\bin\vcruntime140_1.dll
0x00007ffe5cd60000 - 0x00007ffe5cdee000 	D:\jdk8_new\jre\bin\msvcp140.dll
0x00007ffe5c490000 - 0x00007ffe5cd40000 	D:\jdk8_new\jre\bin\server\jvm.dll
0x00007ffe7ee10000 - 0x00007ffe7ee18000 	C:\WINDOWS\System32\PSAPI.DLL
0x00007ffe75c60000 - 0x00007ffe75c93000 	C:\WINDOWS\SYSTEM32\WINMM.dll
0x00007ffe640a0000 - 0x00007ffe640a9000 	C:\WINDOWS\SYSTEM32\WSOCK32.dll
0x00007ffe7f9f0000 - 0x00007ffe7fa5f000 	C:\WINDOWS\System32\WS2_32.dll
0x00007ffe7bed0000 - 0x00007ffe7bee8000 	C:\WINDOWS\SYSTEM32\kernel.appcore.dll
0x00007ffe5ac60000 - 0x00007ffe5ac70000 	D:\jdk8_new\jre\bin\verify.dll
0x00007ffe5ab90000 - 0x00007ffe5abbb000 	D:\jdk8_new\jre\bin\java.dll
0x00007ffe786c0000 - 0x00007ffe786f4000 	D:\jdk8_new\jre\bin\instrument.dll
0x00007ffe5a260000 - 0x00007ffe5a278000 	D:\jdk8_new\jre\bin\zip.dll
0x00007ffe7af30000 - 0x00007ffe7b792000 	C:\WINDOWS\SYSTEM32\windows.storage.dll
0x00007ffe7f3f0000 - 0x00007ffe7f766000 	C:\WINDOWS\System32\combase.dll
0x00007ffe7adc0000 - 0x00007ffe7af27000 	C:\WINDOWS\SYSTEM32\wintypes.dll
0x00007ffe7eac0000 - 0x00007ffe7ebaa000 	C:\WINDOWS\System32\SHCORE.dll
0x00007ffe7ce60000 - 0x00007ffe7ce85000 	C:\WINDOWS\SYSTEM32\profapi.dll
0x00007ffe786a0000 - 0x00007ffe786ba000 	E:\IDEA2023\IntelliJ IDEA 2023.1.2\bin\breakgen64.dll
0x00007ffe5abd0000 - 0x00007ffe5abec000 	D:\jdk8_new\jre\bin\net.dll
0x00007ffe7c380000 - 0x00007ffe7c3e7000 	C:\WINDOWS\system32\mswsock.dll
0x00007ffe7a680000 - 0x00007ffe7a8a1000 	C:\WINDOWS\SYSTEM32\dbghelp.dll
0x00007ffe7d580000 - 0x00007ffe7d5ff000 	C:\WINDOWS\System32\bcryptPrimitives.dll

VM Arguments:
jvm_args: -Dmaven.multiModuleProjectDirectory=E:\javaEE\health_ssm\health_parent\health_backend -Djansi.passthrough=true -Dmaven.home=E:\apache-maven-3.6.1 -Dclassworlds.conf=E:\apache-maven-3.6.1\bin\m2.conf -Dmaven.ext.class.path=E:\IDEA2023\IntelliJ IDEA 2023.1.2\plugins\maven\lib\maven-event-listener.jar -javaagent:E:\IDEA2023\IntelliJ IDEA 2023.1.2\lib\idea_rt.jar=10388:E:\IDEA2023\IntelliJ IDEA 2023.1.2\bin -Dfile.encoding=UTF-8 
java_command: org.codehaus.classworlds.Launcher -Didea.version=2023.1.2 org.apache.tomcat.maven:tomcat7-maven-plugin:2.2:run
java_class_path (initial): E:\apache-maven-3.6.1\boot\plexus-classworlds-2.6.0.jar;E:\IDEA2023\IntelliJ IDEA 2023.1.2\lib\idea_rt.jar
Launcher Type: SUN_STANDARD

Environment Variables:
JAVA_HOME=E:\Code\java_code\Java_jdk\jdk1.8.0_202
CLASSPATH=.;E:\Code\java_code\Java_jdk\jdk1.8.0_202\lib;E:\Code\java_code\Java_jdk\jdk1.8.0_202\lib\tools.jar
PATH=C:\Program Files (x86)\VMware\VMware Workstation\bin\;C:\WINDOWS\system32;C:\WINDOWS;C:\WINDOWS\System32\Wbem;C:\WINDOWS\System32\WindowsPowerShell\v1.0\;C:\WINDOWS\System32\OpenSSH\;C:\Program Files\dotnet\;%JAVA_HOME1.8%\bin;E:\nodejs\;E:\xftp7\;E:\APP\Git\cmd;E:\APP\Graphviz\bin;C:\Program Files\Docker\Docker\resources\bin;E:\新建文件夹 (6)\微信web开发者工具\dll;C:\Users\14650\AppData\Local\Programs\Python\Python310\Scripts\;C:\Users\14650\AppData\Local\Programs\Python\Python310\;";C:\Users\14650\.dotnet\tools;";E:\Code\java_code\Java_jdk\jdk1.8.0_202\bin;E:\Code\java_code\Java_jdk\jdk1.8.0_202\jre\bin;E:\Mysql\Mysql_install\bin;E:\apache-maven-3.6.1\bin;C:\Users\14650\AppData\Roaming\npm;E:\Microsoft VS Code Insiders\bin
USERNAME=complicated
OS=Windows_NT
PROCESSOR_IDENTIFIER=Intel64 Family 6 Model 158 Stepping 10, GenuineIntel



---------------  S Y S T E M  ---------------

OS: Windows 11 , 64 bit Build 22000 (10.0.22000.2538)

CPU:total 12 (initial active 12) (6 cores per cpu, 2 threads per core) family 6 model 158 stepping 10, cmov, cx8, fxsr, mmx, sse, sse2, sse3, ssse3, sse4.1, sse4.2, popcnt, avx, avx2, aes, clmul, erms, 3dnowpref, lzcnt, ht, tsc, tscinvbit, bmi1, bmi2, adx

Memory: 4k page, physical 16647476k(2573620k free), swap 18640948k(156k free)

vm_info: Java HotSpot(TM) 64-Bit Server VM (25.381-b09) for windows-amd64 JRE (1.8.0_381-b09), built on Jun 14 2023 13:50:38 by "java_re" with MS VC++ 17.1 (VS2022)

time: Fri Nov 24 19:24:20 2023
timezone: Intel64 Family 6 Model 158 Stepping 10, GenuineIntel
elapsed time: 0.263328 seconds (0d 0h 0m 0s)

